Exception ignored in: <_io.TextIOWrapper name='<stdout>' mode='w' encoding='utf-8'>
BrokenPipeError: [Errno 32] Broken pipe
node:internal/modules/cjs/loader:1148
  throw err;
  ^

Error: Cannot find module 'bcrypt'
Require stack:
- /home/otakufes/otakunodeserver/controllers/adminController.js
- /home/otakufes/otakunodeserver/routes/admin.js
- /home/otakufes/otakunodeserver/server.js
- /usr/local/lsws/fcgi-bin/lsnode.js
    at Module._resolveFilename (node:internal/modules/cjs/loader:1145:15)
    at Module._load (node:internal/modules/cjs/loader:986:27)
    at Module.require (node:internal/modules/cjs/loader:1233:19)
    at require (node:internal/modules/helpers:179:18)
    at Object.<anonymous> (/home/otakufes/otakunodeserver/controllers/adminController.js:2:16)
    at Module._compile (node:internal/modules/cjs/loader:1358:14)
    at Module._extensions..js (node:internal/modules/cjs/loader:1416:10)
    at Module.load (node:internal/modules/cjs/loader:1208:32)
    at Module._load (node:internal/modules/cjs/loader:1024:12)
    at Module.require (node:internal/modules/cjs/loader:1233:19) {
  code: 'MODULE_NOT_FOUND',
  requireStack: [
    '/home/otakufes/otakunodeserver/controllers/adminController.js',
    '/home/otakufes/otakunodeserver/routes/admin.js',
    '/home/otakufes/otakunodeserver/server.js',
    '/usr/local/lsws/fcgi-bin/lsnode.js'
  ]
}

Node.js v20.14.0
node:internal/modules/cjs/loader:1148
  throw err;
  ^

Error: Cannot find module 'bcrypt'
Require stack:
- /home/otakufes/otakunodeserver/controllers/adminController.js
- /home/otakufes/otakunodeserver/routes/admin.js
- /home/otakufes/otakunodeserver/server.js
- /usr/local/lsws/fcgi-bin/lsnode.js
    at Module._resolveFilename (node:internal/modules/cjs/loader:1145:15)
    at Module._load (node:internal/modules/cjs/loader:986:27)
    at Module.require (node:internal/modules/cjs/loader:1233:19)
    at require (node:internal/modules/helpers:179:18)
    at Object.<anonymous> (/home/otakufes/otakunodeserver/controllers/adminController.js:2:16)
    at Module._compile (node:internal/modules/cjs/loader:1358:14)
    at Module._extensions..js (node:internal/modules/cjs/loader:1416:10)
    at Module.load (node:internal/modules/cjs/loader:1208:32)
    at Module._load (node:internal/modules/cjs/loader:1024:12)
    at Module.require (node:internal/modules/cjs/loader:1233:19) {
  code: 'MODULE_NOT_FOUND',
  requireStack: [
    '/home/otakufes/otakunodeserver/controllers/adminController.js',
    '/home/otakufes/otakunodeserver/routes/admin.js',
    '/home/otakufes/otakunodeserver/server.js',
    '/usr/local/lsws/fcgi-bin/lsnode.js'
  ]
}

Node.js v20.14.0
node:internal/modules/cjs/loader:1148
  throw err;
  ^

Error: Cannot find module 'bcrypt'
Require stack:
- /home/otakufes/otakunodeserver/controllers/adminController.js
- /home/otakufes/otakunodeserver/routes/admin.js
- /home/otakufes/otakunodeserver/server.js
- /usr/local/lsws/fcgi-bin/lsnode.js
    at Module._resolveFilename (node:internal/modules/cjs/loader:1145:15)
    at Module._load (node:internal/modules/cjs/loader:986:27)
    at Module.require (node:internal/modules/cjs/loader:1233:19)
    at require (node:internal/modules/helpers:179:18)
    at Object.<anonymous> (/home/otakufes/otakunodeserver/controllers/adminController.js:2:16)
    at Module._compile (node:internal/modules/cjs/loader:1358:14)
    at Module._extensions..js (node:internal/modules/cjs/loader:1416:10)
    at Module.load (node:internal/modules/cjs/loader:1208:32)
    at Module._load (node:internal/modules/cjs/loader:1024:12)
    at Module.require (node:internal/modules/cjs/loader:1233:19) {
  code: 'MODULE_NOT_FOUND',
  requireStack: [
    '/home/otakufes/otakunodeserver/controllers/adminController.js',
    '/home/otakufes/otakunodeserver/routes/admin.js',
    '/home/otakufes/otakunodeserver/server.js',
    '/usr/local/lsws/fcgi-bin/lsnode.js'
  ]
}

Node.js v20.14.0
(node:2190144) [MONGODB DRIVER] Warning: useNewUrlParser is a deprecated option: useNewUrlParser has no effect since Node.js Driver version 4.0.0 and will be removed in the next major version
(Use `node --trace-warnings ...` to show where the warning was created)
(node:2190144) [MONGODB DRIVER] Warning: useUnifiedTopology is a deprecated option: useUnifiedTopology has no effect since Node.js Driver version 4.0.0 and will be removed in the next major version
(node:2190981) [MONGODB DRIVER] Warning: useNewUrlParser is a deprecated option: useNewUrlParser has no effect since Node.js Driver version 4.0.0 and will be removed in the next major version
(Use `node --trace-warnings ...` to show where the warning was created)
(node:2190981) [MONGODB DRIVER] Warning: useUnifiedTopology is a deprecated option: useUnifiedTopology has no effect since Node.js Driver version 4.0.0 and will be removed in the next major version
node[2192723]: pthread_create: Resource temporarily unavailable
node[2192774]: pthread_create: Resource temporarily unavailable
/home/otakufes/nodevenv/otakunodeserver/20/bin/node: fork: retry: Resource temporarily unavailable
/home/otakufes/nodevenv/otakunodeserver/20/bin/node: fork: retry: Resource temporarily unavailable
/home/otakufes/nodevenv/otakunodeserver/20/bin/node: fork: retry: Resource temporarily unavailable
/home/otakufes/nodevenv/otakunodeserver/20/bin/node: fork: retry: Resource temporarily unavailable
/home/otakufes/nodevenv/otakunodeserver/20/bin/node: fork: Resource temporarily unavailable
/home/otakufes/nodevenv/otakunodeserver/20/bin/node: fork: retry: Resource temporarily unavailable
/home/otakufes/nodevenv/otakunodeserver/20/bin/node: fork: retry: Resource temporarily unavailable
/home/otakufes/nodevenv/otakunodeserver/20/bin/node: fork: retry: Resource temporarily unavailable
/home/otakufes/nodevenv/otakunodeserver/20/bin/node: fork: retry: Resource temporarily unavailable
/home/otakufes/nodevenv/otakunodeserver/20/bin/node: fork: Resource temporarily unavailable
/home/otakufes/nodevenv/otakunodeserver/20/bin/node: fork: retry: Resource temporarily unavailable
/home/otakufes/nodevenv/otakunodeserver/20/bin/node: fork: retry: Resource temporarily unavailable
/home/otakufes/nodevenv/otakunodeserver/20/bin/node: fork: retry: Resource temporarily unavailable
/home/otakufes/nodevenv/otakunodeserver/20/bin/node: fork: retry: Resource temporarily unavailable
/home/otakufes/nodevenv/otakunodeserver/20/bin/node: fork: Resource temporarily unavailable
/home/otakufes/nodevenv/otakunodeserver/20/bin/node: fork: retry: Resource temporarily unavailable
/home/otakufes/nodevenv/otakunodeserver/20/bin/node: fork: retry: Resource temporarily unavailable
/home/otakufes/nodevenv/otakunodeserver/20/bin/node: fork: retry: Resource temporarily unavailable
/home/otakufes/nodevenv/otakunodeserver/20/bin/node: fork: retry: Resource temporarily unavailable
/home/otakufes/nodevenv/otakunodeserver/20/bin/node: fork: Resource temporarily unavailable
/home/otakufes/nodevenv/otakunodeserver/20/bin/node: fork: retry: Resource temporarily unavailable
/home/otakufes/nodevenv/otakunodeserver/20/bin/node: fork: retry: Resource temporarily unavailable
/home/otakufes/nodevenv/otakunodeserver/20/bin/node: fork: retry: Resource temporarily unavailable
/home/otakufes/nodevenv/otakunodeserver/20/bin/node: fork: retry: Resource temporarily unavailable
/home/otakufes/nodevenv/otakunodeserver/20/bin/node: fork: Resource temporarily unavailable
/home/otakufes/nodevenv/otakunodeserver/20/bin/node: fork: retry: Resource temporarily unavailable
/home/otakufes/nodevenv/otakunodeserver/20/bin/node: fork: retry: Resource temporarily unavailable
/home/otakufes/nodevenv/otakunodeserver/20/bin/node: fork: retry: Resource temporarily unavailable
/home/otakufes/nodevenv/otakunodeserver/20/bin/node: fork: retry: Resource temporarily unavailable
/home/otakufes/nodevenv/otakunodeserver/20/bin/node: fork: Resource temporarily unavailable
/home/otakufes/nodevenv/otakunodeserver/20/bin/node: fork: retry: Resource temporarily unavailable
/home/otakufes/nodevenv/otakunodeserver/20/bin/node: fork: retry: Resource temporarily unavailable
/home/otakufes/nodevenv/otakunodeserver/20/bin/node: fork: retry: Resource temporarily unavailable
/home/otakufes/nodevenv/otakunodeserver/20/bin/node: fork: retry: Resource temporarily unavailable
/home/otakufes/nodevenv/otakunodeserver/20/bin/node: fork: Resource temporarily unavailable
/home/otakufes/nodevenv/otakunodeserver/20/bin/node: fork: retry: Resource temporarily unavailable
/home/otakufes/nodevenv/otakunodeserver/20/bin/node: fork: retry: Resource temporarily unavailable
/home/otakufes/nodevenv/otakunodeserver/20/bin/node: fork: retry: Resource temporarily unavailable
/home/otakufes/nodevenv/otakunodeserver/20/bin/node: fork: retry: Resource temporarily unavailable
/home/otakufes/nodevenv/otakunodeserver/20/bin/node: fork: Resource temporarily unavailable
/home/otakufes/nodevenv/otakunodeserver/20/bin/node: fork: retry: Resource temporarily unavailable
/home/otakufes/nodevenv/otakunodeserver/20/bin/node: fork: retry: Resource temporarily unavailable
/home/otakufes/nodevenv/otakunodeserver/20/bin/node: fork: retry: Resource temporarily unavailable
/home/otakufes/nodevenv/otakunodeserver/20/bin/node: fork: retry: Resource temporarily unavailable
/home/otakufes/nodevenv/otakunodeserver/20/bin/node: fork: Resource temporarily unavailable
/home/otakufes/nodevenv/otakunodeserver/20/bin/node: fork: retry: Resource temporarily unavailable
/home/otakufes/nodevenv/otakunodeserver/20/bin/node: fork: retry: Resource temporarily unavailable
/home/otakufes/nodevenv/otakunodeserver/20/bin/node: fork: retry: Resource temporarily unavailable
/home/otakufes/nodevenv/otakunodeserver/20/bin/node: fork: retry: Resource temporarily unavailable
/home/otakufes/nodevenv/otakunodeserver/20/bin/node: fork: Resource temporarily unavailable
/home/otakufes/nodevenv/otakunodeserver/20/bin/node: fork: retry: Resource temporarily unavailable
/home/otakufes/nodevenv/otakunodeserver/20/bin/node: fork: retry: Resource temporarily unavailable
/home/otakufes/nodevenv/otakunodeserver/20/bin/node: fork: retry: Resource temporarily unavailable
/home/otakufes/nodevenv/otakunodeserver/20/bin/node: fork: retry: Resource temporarily unavailable
/home/otakufes/nodevenv/otakunodeserver/20/bin/node: fork: Resource temporarily unavailable
/home/otakufes/nodevenv/otakunodeserver/20/bin/node: fork: retry: Resource temporarily unavailable
/home/otakufes/nodevenv/otakunodeserver/20/bin/node: fork: retry: Resource temporarily unavailable
/home/otakufes/nodevenv/otakunodeserver/20/bin/node: fork: retry: Resource temporarily unavailable
/home/otakufes/nodevenv/otakunodeserver/20/bin/node: fork: retry: Resource temporarily unavailable
/home/otakufes/nodevenv/otakunodeserver/20/bin/node: fork: Resource temporarily unavailable
/home/otakufes/nodevenv/otakunodeserver/20/bin/node: fork: retry: Resource temporarily unavailable
/home/otakufes/nodevenv/otakunodeserver/20/bin/node: fork: retry: Resource temporarily unavailable
/home/otakufes/nodevenv/otakunodeserver/20/bin/node: fork: retry: Resource temporarily unavailable
/home/otakufes/nodevenv/otakunodeserver/20/bin/node: fork: retry: Resource temporarily unavailable
/home/otakufes/nodevenv/otakunodeserver/20/bin/node: fork: Resource temporarily unavailable
/home/otakufes/nodevenv/otakunodeserver/20/bin/node: fork: retry: Resource temporarily unavailable
/home/otakufes/nodevenv/otakunodeserver/20/bin/node: fork: retry: Resource temporarily unavailable
/home/otakufes/nodevenv/otakunodeserver/20/bin/node: fork: retry: Resource temporarily unavailable
/home/otakufes/nodevenv/otakunodeserver/20/bin/node: fork: retry: Resource temporarily unavailable
/home/otakufes/nodevenv/otakunodeserver/20/bin/node: fork: retry: Resource temporarily unavailable
/home/otakufes/nodevenv/otakunodeserver/20/bin/node: fork: Resource temporarily unavailable
/home/otakufes/nodevenv/otakunodeserver/20/bin/node: fork: retry: Resource temporarily unavailable
/home/otakufes/nodevenv/otakunodeserver/20/bin/node: fork: retry: Resource temporarily unavailable
/home/otakufes/nodevenv/otakunodeserver/20/bin/node: fork: retry: Resource temporarily unavailable
/home/otakufes/nodevenv/otakunodeserver/20/bin/node: fork: retry: Resource temporarily unavailable
/home/otakufes/nodevenv/otakunodeserver/20/bin/node: fork: Resource temporarily unavailable
/home/otakufes/nodevenv/otakunodeserver/20/bin/node: fork: retry: Resource temporarily unavailable
/home/otakufes/nodevenv/otakunodeserver/20/bin/node: fork: retry: Resource temporarily unavailable
/home/otakufes/nodevenv/otakunodeserver/20/bin/node: fork: retry: Resource temporarily unavailable
/home/otakufes/nodevenv/otakunodeserver/20/bin/node: fork: retry: Resource temporarily unavailable
/home/otakufes/nodevenv/otakunodeserver/20/bin/node: fork: Resource temporarily unavailable
/home/otakufes/nodevenv/otakunodeserver/20/bin/node: fork: retry: Resource temporarily unavailable
/home/otakufes/nodevenv/otakunodeserver/20/bin/node: fork: retry: Resource temporarily unavailable
/home/otakufes/nodevenv/otakunodeserver/20/bin/node: fork: retry: Resource temporarily unavailable
/home/otakufes/nodevenv/otakunodeserver/20/bin/node: fork: retry: Resource temporarily unavailable
/home/otakufes/nodevenv/otakunodeserver/20/bin/node: fork: Resource temporarily unavailable
(node:2520172) [MONGODB DRIVER] Warning: useNewUrlParser is a deprecated option: useNewUrlParser has no effect since Node.js Driver version 4.0.0 and will be removed in the next major version
(Use `node --trace-warnings ...` to show where the warning was created)
(node:2520172) [MONGODB DRIVER] Warning: useUnifiedTopology is a deprecated option: useUnifiedTopology has no effect since Node.js Driver version 4.0.0 and will be removed in the next major version
/home/otakufes/nodevenv/otakunodeserver/20/bin/node: fork: retry: Resource temporarily unavailable
/home/otakufes/nodevenv/otakunodeserver/20/bin/node: fork: retry: Resource temporarily unavailable
/home/otakufes/nodevenv/otakunodeserver/20/bin/node: fork: retry: Resource temporarily unavailable
/home/otakufes/nodevenv/otakunodeserver/20/bin/node: fork: retry: Resource temporarily unavailable
/home/otakufes/nodevenv/otakunodeserver/20/bin/node: fork: Resource temporarily unavailable
/home/otakufes/nodevenv/otakunodeserver/20/bin/node: fork: retry: Resource temporarily unavailable
/home/otakufes/nodevenv/otakunodeserver/20/bin/node: fork: retry: Resource temporarily unavailable
/home/otakufes/nodevenv/otakunodeserver/20/bin/node: fork: retry: Resource temporarily unavailable
/home/otakufes/nodevenv/otakunodeserver/20/bin/node: fork: retry: Resource temporarily unavailable
/home/otakufes/nodevenv/otakunodeserver/20/bin/node: fork: Resource temporarily unavailable
/home/otakufes/nodevenv/otakunodeserver/20/bin/node: fork: retry: Resource temporarily unavailable
/home/otakufes/nodevenv/otakunodeserver/20/bin/node: fork: retry: Resource temporarily unavailable
/home/otakufes/nodevenv/otakunodeserver/20/bin/node: fork: retry: Resource temporarily unavailable
/home/otakufes/nodevenv/otakunodeserver/20/bin/node: fork: retry: Resource temporarily unavailable
/home/otakufes/nodevenv/otakunodeserver/20/bin/node: fork: retry: Resource temporarily unavailable
/home/otakufes/nodevenv/otakunodeserver/20/bin/node: fork: retry: Resource temporarily unavailable
/home/otakufes/nodevenv/otakunodeserver/20/bin/node: fork: retry: Resource temporarily unavailable
/home/otakufes/nodevenv/otakunodeserver/20/bin/node: fork: retry: Resource temporarily unavailable
/home/otakufes/nodevenv/otakunodeserver/20/bin/node: fork: retry: Resource temporarily unavailable
/home/otakufes/nodevenv/otakunodeserver/20/bin/node: fork: Resource temporarily unavailable
/home/otakufes/nodevenv/otakunodeserver/20/bin/node: line 9: /activate: No such file or directory
/home/otakufes/nodevenv/otakunodeserver/20/bin/node: fork: retry: Resource temporarily unavailable
/home/otakufes/nodevenv/otakunodeserver/20/bin/node: fork: retry: Resource temporarily unavailable
/home/otakufes/nodevenv/otakunodeserver/20/bin/node: fork: retry: Resource temporarily unavailable
/home/otakufes/nodevenv/otakunodeserver/20/bin/node: fork: Resource temporarily unavailable
/home/otakufes/nodevenv/otakunodeserver/20/bin/node: fork: retry: Resource temporarily unavailable
/home/otakufes/nodevenv/otakunodeserver/20/bin/node: fork: retry: Resource temporarily unavailable
/home/otakufes/nodevenv/otakunodeserver/20/bin/node: fork: retry: Resource temporarily unavailable
/home/otakufes/nodevenv/otakunodeserver/20/bin/node: fork: retry: Resource temporarily unavailable
/home/otakufes/nodevenv/otakunodeserver/20/bin/node: fork: retry: Resource temporarily unavailable
/home/otakufes/nodevenv/otakunodeserver/20/bin/node: fork: Resource temporarily unavailable
/home/otakufes/nodevenv/otakunodeserver/20/bin/node: fork: retry: Resource temporarily unavailable
/home/otakufes/nodevenv/otakunodeserver/20/bin/node: fork: retry: Resource temporarily unavailable
/home/otakufes/nodevenv/otakunodeserver/20/bin/node: fork: retry: Resource temporarily unavailable
/home/otakufes/nodevenv/otakunodeserver/20/bin/node: fork: retry: Resource temporarily unavailable
/home/otakufes/nodevenv/otakunodeserver/20/bin/node: fork: Resource temporarily unavailable
/home/otakufes/nodevenv/otakunodeserver/20/bin/node: line 9: /activate: No such file or directory
/home/otakufes/nodevenv/otakunodeserver/20/bin/node: line 10: /set_env_vars.py: No such file or directory
/home/otakufes/nodevenv/otakunodeserver/20/bin/node: line 12: /usr/bin/node: No such file or directory
